<?xml version="1.0" encoding="UTF-8"?>
<!-- Generated by org.testng.reporters.JUnitXMLReporter -->
<testsuite hostname="LAPTOP-SR113PBD" ignored="0" name="Default test" tests="10" failures="0" timestamp="2021-07-03T18:06:10 IST" time="51.387" errors="0">
  <testcase name="websiteTest" time="0.608" classname="com.justdial.testcases.HomepageTestCases"/>
  <testcase name="elementsTest" time="0.197" classname="com.justdial.testcases.HomepageTestCases"/>
  <testcase name="loginPageTest" time="0.866" classname="com.justdial.testcases.HomepageTestCases"/>
  <testcase name="locationTest" time="4.153" classname="com.justdial.testcases.HomepageTestCases"/>
  <testcase name="searchingTest" time="5.491" classname="com.justdial.testcases.HomepageTestCases"/>
  <testcase name="resultPageTest" time="0.816" classname="com.justdial.testcases.HomepageTestCases"/>
  <testcase name="bestdealsTest" time="1.423" classname="com.justdial.testcases.HomepageTestCases"/>
  <testcase name="ratingCheck" time="0.202" classname="com.justdial.testcases.HomepageTestCases"/>
  <testcase name="printData" time="11.671" classname="com.justdial.testcases.HomepageTestCases"/>
  <testcase name="dataFromMenubar" time="13.736" classname="com.justdial.testcases.HomepageTestCases"/>
</testsuite> <!-- Default test -->
