<?xml version="1.0" encoding="UTF-8"?>
<!-- Generated by org.testng.reporters.JUnitXMLReporter -->
<testsuite hostname="LAPTOP-SR113PBD" ignored="0" name="Fitness" tests="4" failures="0" timestamp="2021-07-02T20:29:21 IST" time="14.179" errors="0">
  <testcase name="fitness" time="7.331" classname="com.justdial.testcases.FitnessTestCases"/>
  <testcase name="fitnessMenu" time="0.057" classname="com.justdial.testcases.FitnessTestCases"/>
  <testcase name="gym" time="1.783" classname="com.justdial.testcases.FitnessTestCases"/>
  <testcase name="gymMenu" time="0.068" classname="com.justdial.testcases.FitnessTestCases"/>
</testsuite> <!-- Fitness -->
