<?xml version="1.0" encoding="UTF-8"?>
<!-- Generated by org.testng.reporters.JUnitXMLReporter -->
<testsuite hostname="LAPTOP-SR113PBD" ignored="0" name="Freelisting" tests="6" failures="0" timestamp="2021-07-02T20:29:07 IST" time="17.043" errors="0">
  <testcase name="launch" time="2.965" classname="com.justdial.testcases.FreelistingTestCases"/>
  <testcase name="allNullValues" time="0.682" classname="com.justdial.testcases.FreelistingTestCases"/>
  <testcase name="companyNullValue" time="0.957" classname="com.justdial.testcases.FreelistingTestCases"/>
  <testcase name="mobileNullValue" time="1.766" classname="com.justdial.testcases.FreelistingTestCases"/>
  <testcase name="cityNullvalue" time="1.666" classname="com.justdial.testcases.FreelistingTestCases"/>
  <testcase name="validDataTest" time="2.599" classname="com.justdial.testcases.FreelistingTestCases"/>
</testsuite> <!-- Freelisting -->
