<?xml version="1.0" encoding="UTF-8"?>
<!-- Generated by org.testng.reporters.JUnitXMLReporter -->
<testsuite hostname="LAPTOP-SR113PBD" ignored="0" name="Homepage" tests="10" failures="0" timestamp="2021-07-02T20:28:50 IST" time="37.561" errors="0">
  <testcase name="websiteTest" time="0.417" classname="com.justdial.testcases.HomepageTestCases"/>
  <testcase name="elementsTest" time="0.141" classname="com.justdial.testcases.HomepageTestCases"/>
  <testcase name="loginPageTest" time="0.932" classname="com.justdial.testcases.HomepageTestCases"/>
  <testcase name="locationTest" time="2.978" classname="com.justdial.testcases.HomepageTestCases"/>
  <testcase name="searchingTest" time="3.274" classname="com.justdial.testcases.HomepageTestCases"/>
  <testcase name="resultPageTest" time="0.394" classname="com.justdial.testcases.HomepageTestCases"/>
  <testcase name="bestdealsTest" time="0.85" classname="com.justdial.testcases.HomepageTestCases"/>
  <testcase name="ratingCheck" time="0.111" classname="com.justdial.testcases.HomepageTestCases"/>
  <testcase name="printData" time="8.955" classname="com.justdial.testcases.HomepageTestCases"/>
  <testcase name="dataFromMenubar" time="6.805" classname="com.justdial.testcases.HomepageTestCases"/>
</testsuite> <!-- Homepage -->
